Performing C SOURCE FILE Test CMAKE_HAVE_LIBC_PTHREAD failed with the following output:
Change Dir: /home/pedromacedo/Desktop/University/Year2/Semester2/DA-Year2Semester2/DA_TP_Classes/cmake-build-debug/CMakeFiles/CMakeTmp

Run Build Command(s):/usr/bin/make -f Makefile cmTC_364fc/fast && /usr/bin/make  -f CMakeFiles/cmTC_364fc.dir/build.make CMakeFiles/cmTC_364fc.dir/build
make[1]: Entering directory '/home/pedromacedo/Desktop/University/Year2/Semester2/DA-Year2Semester2/DA_TP_Classes/cmake-build-debug/CMakeFiles/CMakeTmp'
Building C object CMakeFiles/cmTC_364fc.dir/src.c.o
/usr/bin/cc -DCMAKE_HAVE_LIBC_PTHREAD   -o CMakeFiles/cmTC_364fc.dir/src.c.o -c /home/pedromacedo/Desktop/University/Year2/Semester2/DA-Year2Semester2/DA_TP_Classes/cmake-build-debug/CMakeFiles/CMakeTmp/src.c
Linking C executable cmTC_364fc
/app/extra/clion/bin/cmake/linux/bin/cmake -E cmake_link_script CMakeFiles/cmTC_364fc.dir/link.txt --verbose=1
/usr/bin/cc -rdynamic CMakeFiles/cmTC_364fc.dir/src.c.o -o cmTC_364fc 
/usr/lib/gcc/x86_64-unknown-linux-gnu/11.2.0/../../../../x86_64-unknown-linux-gnu/bin/ld: CMakeFiles/cmTC_364fc.dir/src.c.o: in function `main':
src.c:(.text+0x3e): undefined reference to `pthread_create'
/usr/lib/gcc/x86_64-unknown-linux-gnu/11.2.0/../../../../x86_64-unknown-linux-gnu/bin/ld: src.c:(.text+0x4a): undefined reference to `pthread_detach'
/usr/lib/gcc/x86_64-unknown-linux-gnu/11.2.0/../../../../x86_64-unknown-linux-gnu/bin/ld: src.c:(.text+0x56): undefined reference to `pthread_cancel'
/usr/lib/gcc/x86_64-unknown-linux-gnu/11.2.0/../../../../x86_64-unknown-linux-gnu/bin/ld: src.c:(.text+0x67): undefined reference to `pthread_join'
collect2: error: ld returned 1 exit status
make[1]: *** [CMakeFiles/cmTC_364fc.dir/build.make:99: cmTC_364fc] Error 1
make[1]: Leaving directory '/home/pedromacedo/Desktop/University/Year2/Semester2/DA-Year2Semester2/DA_TP_Classes/cmake-build-debug/CMakeFiles/CMakeTmp'
make: *** [Makefile:127: cmTC_364fc/fast] Error 2


Source file was:
#include <pthread.h>

static void* test_func(void* data)
{
  return data;
}

int main(void)
{
  pthread_t thread;
  pthread_create(&thread, NULL, test_func, NULL);
  pthread_detach(thread);
  pthread_cancel(thread);
  pthread_join(thread, NULL);
  pthread_atfork(NULL, NULL, NULL);
  pthread_exit(NULL);

  return 0;
}

Determining if the function pthread_create exists in the pthreads failed with the following output:
Change Dir: /home/pedromacedo/Desktop/University/Year2/Semester2/DA-Year2Semester2/DA_TP_Classes/cmake-build-debug/CMakeFiles/CMakeTmp

Run Build Command(s):/usr/bin/make -f Makefile cmTC_300a1/fast && /usr/bin/make  -f CMakeFiles/cmTC_300a1.dir/build.make CMakeFiles/cmTC_300a1.dir/build
make[1]: Entering directory '/home/pedromacedo/Desktop/University/Year2/Semester2/DA-Year2Semester2/DA_TP_Classes/cmake-build-debug/CMakeFiles/CMakeTmp'
Building C object CMakeFiles/cmTC_300a1.dir/CheckFunctionExists.c.o
/usr/bin/cc   -DCHECK_FUNCTION_EXISTS=pthread_create -o CMakeFiles/cmTC_300a1.dir/CheckFunctionExists.c.o -c /app/extra/clion/bin/cmake/linux/share/cmake-3.21/Modules/CheckFunctionExists.c
Linking C executable cmTC_300a1
/app/extra/clion/bin/cmake/linux/bin/cmake -E cmake_link_script CMakeFiles/cmTC_300a1.dir/link.txt --verbose=1
/usr/bin/cc  -DCHECK_FUNCTION_EXISTS=pthread_create -rdynamic CMakeFiles/cmTC_300a1.dir/CheckFunctionExists.c.o -o cmTC_300a1  -lpthreads 
/usr/lib/gcc/x86_64-unknown-linux-gnu/11.2.0/../../../../x86_64-unknown-linux-gnu/bin/ld: cannot find -lpthreads
collect2: error: ld returned 1 exit status
make[1]: *** [CMakeFiles/cmTC_300a1.dir/build.make:99: cmTC_300a1] Error 1
make[1]: Leaving directory '/home/pedromacedo/Desktop/University/Year2/Semester2/DA-Year2Semester2/DA_TP_Classes/cmake-build-debug/CMakeFiles/CMakeTmp'
make: *** [Makefile:127: cmTC_300a1/fast] Error 2



